[{"stream_name":"stdout","time":8.626876118,"data":"/kaggle/input/netflix-movies-and-tv-shows/netflix_titles.csv\n"}
,{"stream_name":"stdout","time":8.626942466,"data":"/kaggle/input/netflix-movies-and-tv-shows\n"}
,{"stream_name":"stdout","time":8.689865761,"data":"Dataset Shape: (8807, 12)\n"}
,{"stream_name":"stdout","time":8.689894859,"data":"\n"}
,{"stream_name":"stdout","time":8.689900321,"data":"Dataset Info:\n"}
,{"stream_name":"stdout","time":8.689904591,"data":"\u003cclass 'pandas.core.frame.DataFrame'\u003e\n"}
,{"stream_name":"stdout","time":8.689908999,"data":"RangeIndex: 8807 entries, 0 to 8806\n"}
,{"stream_name":"stdout","time":8.689913708,"data":"Data columns (total 12 columns):\n"}
,{"stream_name":"stdout","time":8.689916925,"data":" #   Column        Non-Null Count  Dtype \n"}
,{"stream_name":"stdout","time":8.689920758,"data":"---  ------        --------------  ----- \n"}
,{"stream_name":"stdout","time":8.689924854000001,"data":" 0   show_id       8807 non-null   object\n"}
,{"stream_name":"stdout","time":8.689929307,"data":" 1   type          8807 non-null   object\n"}
,{"stream_name":"stdout","time":8.689933339,"data":" 2   title         8807 non-null   object\n"}
,{"stream_name":"stdout","time":8.689937368,"data":" 3   director      6173 non-null   object\n"}
,{"stream_name":"stdout","time":8.689941109,"data":" 4   cast          7982 non-null   object\n"}
,{"stream_name":"stdout","time":8.689944476,"data":" 5   country       7976 non-null   object\n"}
,{"stream_name":"stdout","time":8.689947756,"data":" 6   date_added    8797 non-null   object\n"}
,{"stream_name":"stdout","time":8.689951608,"data":" 7   release_year  8807 non-null   int64 \n"}
,{"stream_name":"stdout","time":8.689955464,"data":" 8   rating        8803 non-null   object\n"}
,{"stream_name":"stdout","time":8.689959154,"data":" 9   duration      8804 non-null   object\n"}
,{"stream_name":"stdout","time":8.689962604,"data":" 10  listed_in     8807 non-null   object\n"}
,{"stream_name":"stdout","time":8.689966214,"data":" 11  description   8807 non-null   object\n"}
,{"stream_name":"stdout","time":8.689970476,"data":"dtypes: int64(1), object(11)\n"}
,{"stream_name":"stdout","time":8.689974117,"data":"memory usage: 825.8+ KB\n"}
,{"stream_name":"stdout","time":8.689977949,"data":"None\n"}
,{"stream_name":"stdout","time":8.713720528,"data":"\n"}
,{"stream_name":"stdout","time":8.713746746,"data":"Missing Value Analysis:\n"}
,{"stream_name":"stdout","time":8.713752288,"data":"            Missing Value  Percentage\n"}
,{"stream_name":"stdout","time":8.713756335,"data":"director             2634       29.91\n"}
,{"stream_name":"stdout","time":8.713760175,"data":"country               831        9.44\n"}
,{"stream_name":"stdout","time":8.713764237,"data":"cast                  825        9.37\n"}
,{"stream_name":"stdout","time":8.713767495,"data":"date_added             10        0.11\n"}
,{"stream_name":"stdout","time":8.713771192,"data":"rating                  4        0.05\n"}
,{"stream_name":"stdout","time":8.713775263,"data":"duration                3        0.03\n"}
,{"stream_name":"stdout","time":8.713779286,"data":"\n"}
,{"stream_name":"stdout","time":8.713782663,"data":"=============================================\n"}
,{"stream_name":"stdout","time":8.713786103,"data":"\n"}
,{"stream_name":"stdout","time":8.713789545000001,"data":"Content Type Distribution:\n"}
,{"stream_name":"stdout","time":8.7137934,"data":"type\n"}
,{"stream_name":"stdout","time":8.71379676,"data":"Movie      6131\n"}
,{"stream_name":"stdout","time":8.713800238,"data":"TV Show    2676\n"}
,{"stream_name":"stdout","time":8.713830982,"data":"Name: count, dtype: int64\n"}
,{"stream_name":"stderr","time":10.388086758,"data":"/usr/local/lib/python3.10/dist-packages/seaborn/_oldcore.py:1119: FutureWarning: use_inf_as_na option is deprecated and will be removed in a future version. Convert inf values to NaN before operating instead.\n"}
,{"stream_name":"stderr","time":10.391303743,"data":"  with pd.option_context('mode.use_inf_as_na', True):\n"}
,{"stream_name":"stdout","time":10.612944683,"data":"\n"}
,{"stream_name":"stdout","time":10.612987387,"data":"TV Show Seasons Distribution:\n"}
,{"stream_name":"stdout","time":10.612993713,"data":"0\n"}
,{"stream_name":"stdout","time":10.612998498,"data":"1.0     1793\n"}
,{"stream_name":"stdout","time":10.613003356,"data":"2.0      425\n"}
,{"stream_name":"stdout","time":10.613008405,"data":"3.0      199\n"}
,{"stream_name":"stdout","time":10.613013254,"data":"4.0       95\n"}
,{"stream_name":"stdout","time":10.613018206,"data":"5.0       65\n"}
,{"stream_name":"stdout","time":10.613022998,"data":"6.0       33\n"}
,{"stream_name":"stdout","time":10.613027749,"data":"7.0       23\n"}
,{"stream_name":"stdout","time":10.61303249,"data":"8.0       17\n"}
,{"stream_name":"stdout","time":10.613037262,"data":"9.0        9\n"}
,{"stream_name":"stdout","time":10.613042102,"data":"10.0       7\n"}
,{"stream_name":"stdout","time":10.613046856,"data":"11.0       2\n"}
,{"stream_name":"stdout","time":10.61305156,"data":"12.0       2\n"}
,{"stream_name":"stdout","time":10.613056342,"data":"13.0       3\n"}
,{"stream_name":"stdout","time":10.613061177,"data":"15.0       2\n"}
,{"stream_name":"stdout","time":10.613066458,"data":"17.0       1\n"}
,{"stream_name":"stdout","time":10.61307132,"data":"Name: count, dtype: int64\n"}
,{"stream_name":"stdout","time":11.278295292,"data":"\n"}
,{"stream_name":"stdout","time":11.278322139,"data":"Content Addition Statistics:\n"}
,{"stream_name":"stdout","time":11.278329318,"data":"Peak month: 2021-07 with 257 titles\n"}
,{"stream_name":"stdout","time":11.278334458,"data":"Average monthly additions: 81.5 titles\n"}
,{"stream_name":"stdout","time":11.311809733,"data":"\n"}
,{"stream_name":"stdout","time":11.311860503,"data":"Director Statistics:\n"}
,{"stream_name":"stdout","time":11.311871634,"data":"Total number of unique directors: 4993\n"}
,{"stream_name":"stdout","time":11.311877939,"data":"\n"}
,{"stream_name":"stdout","time":11.311883704,"data":"Top 10 Directors and their title counts:\n"}
,{"stream_name":"stdout","time":11.31189139,"data":"Rajiv Chilaka: 22 titles\n"}
,{"stream_name":"stdout","time":11.311896499,"data":"Jan Suter: 21 titles\n"}
,{"stream_name":"stdout","time":11.31190041,"data":"Ra¨²l Campos: 19 titles\n"}
,{"stream_name":"stdout","time":11.311905028,"data":"Marcus Raboy: 16 titles\n"}
,{"stream_name":"stdout","time":11.311908694,"data":"Suhas Kadav: 16 titles\n"}
,{"stream_name":"stdout","time":11.311912452,"data":"Jay Karas: 15 titles\n"}
,{"stream_name":"stdout","time":11.311916077,"data":"Cathy Garcia-Molina: 13 titles\n"}
,{"stream_name":"stdout","time":11.31191995,"data":"Martin Scorsese: 12 titles\n"}
,{"stream_name":"stdout","time":11.311923634,"data":"Youssef Chahine: 12 titles\n"}
,{"stream_name":"stdout","time":11.311927365,"data":"Jay Chapman: 12 titles\n"}
,{"stream_name":"stdout","time":11.311931005,"data":"\n"}
,{"stream_name":"stdout","time":11.311934547,"data":"Summary Statistics for Numeric Columns:\n"}
,{"stream_name":"stdout","time":11.31195178,"data":"\n"}
,{"stream_name":"stdout","time":11.311954714,"data":"Release Year Statistics:\n"}
,{"stream_name":"stdout","time":11.311957319,"data":"count    8807.000000\n"}
,{"stream_name":"stdout","time":11.311960955,"data":"mean     2014.180198\n"}
,{"stream_name":"stdout","time":11.311964853,"data":"std         8.819312\n"}
,{"stream_name":"stdout","time":11.31197064,"data":"min      1925.000000\n"}
,{"stream_name":"stdout","time":11.311975068,"data":"25%      2013.000000\n"}
,{"stream_name":"stdout","time":11.311979379,"data":"50%      2017.000000\n"}
,{"stream_name":"stdout","time":11.311983495,"data":"75%      2019.000000\n"}
,{"stream_name":"stdout","time":11.311988134,"data":"max      2021.000000\n"}
,{"stream_name":"stdout","time":11.311992422,"data":"Name: release_year, dtype: float64\n"}
,{"stream_name":"stdout","time":11.311996438,"data":"\n"}
,{"stream_name":"stdout","time":11.312000625,"data":"Content Type Distribution:\n"}
,{"stream_name":"stdout","time":11.312005008,"data":"type\n"}
,{"stream_name":"stdout","time":11.312008952,"data":"Movie      6131\n"}
,{"stream_name":"stdout","time":11.312013235,"data":"TV Show    2676\n"}
,{"stream_name":"stdout","time":11.312017028,"data":"Name: count, dtype: int64\n"}
,{"stream_name":"stdout","time":11.312020952,"data":"\n"}
,{"stream_name":"stdout","time":11.312024646,"data":"Rating Distribution:\n"}
,{"stream_name":"stdout","time":11.312028908,"data":"rating\n"}
,{"stream_name":"stdout","time":11.312032846,"data":"TV-MA       3207\n"}
,{"stream_name":"stdout","time":11.312051195,"data":"TV-14       2160\n"}
,{"stream_name":"stdout","time":11.312055242,"data":"TV-PG        863\n"}
,{"stream_name":"stdout","time":11.312059522,"data":"R            799\n"}
,{"stream_name":"stdout","time":11.312063835,"data":"PG-13        490\n"}
,{"stream_name":"stdout","time":11.312068208,"data":"TV-Y7        334\n"}
,{"stream_name":"stdout","time":11.312072285,"data":"TV-Y         307\n"}
,{"stream_name":"stdout","time":11.312076898,"data":"PG           287\n"}
,{"stream_name":"stdout","time":11.312081008,"data":"TV-G         220\n"}
,{"stream_name":"stdout","time":11.312084415,"data":"NR            80\n"}
,{"stream_name":"stdout","time":11.312088023,"data":"G             41\n"}
,{"stream_name":"stdout","time":11.312091799,"data":"TV-Y7-FV       6\n"}
,{"stream_name":"stdout","time":11.312095381,"data":"NC-17          3\n"}
,{"stream_name":"stdout","time":11.312099149,"data":"UR             3\n"}
,{"stream_name":"stdout","time":11.312102682,"data":"74 min         1\n"}
,{"stream_name":"stdout","time":11.312106666,"data":"84 min         1\n"}
,{"stream_name":"stdout","time":11.312110415,"data":"66 min         1\n"}
,{"stream_name":"stdout","time":11.312114085,"data":"Name: count, dtype: int64\n"}
,{"stream_name":"stdout","time":11.312117855,"data":"\n"}
,{"stream_name":"stdout","time":11.312121707,"data":"Percentage of Missing Values:\n"}
,{"stream_name":"stdout","time":11.312125573,"data":"director      29.91\n"}
,{"stream_name":"stdout","time":11.312129462,"data":"cast           9.37\n"}
,{"stream_name":"stdout","time":11.312133414,"data":"country        9.44\n"}
,{"stream_name":"stdout","time":11.312137448,"data":"date_added     0.11\n"}
,{"stream_name":"stdout","time":11.312141698,"data":"rating         0.05\n"}
,{"stream_name":"stdout","time":11.312145431,"data":"duration       0.03\n"}
,{"stream_name":"stdout","time":11.312149308,"data":"dtype: float64\n"}
,{"stream_name":"stdout","time":11.354544407,"data":"\n"}
,{"stream_name":"stdout","time":11.354564146,"data":"Unique Values in Each Column:\n"}
,{"stream_name":"stdout","time":11.354569168,"data":"\n"}
,{"stream_name":"stdout","time":11.354573567,"data":"show_id: 8807 unique values\n"}
,{"stream_name":"stdout","time":11.354577226,"data":"\n"}
,{"stream_name":"stdout","time":11.354580573,"data":"type: 2 unique values\n"}
,{"stream_name":"stdout","time":11.354584139,"data":"\n"}
,{"stream_name":"stdout","time":11.354587611,"data":"title: 8807 unique values\n"}
,{"stream_name":"stdout","time":11.354591496,"data":"\n"}
,{"stream_name":"stdout","time":11.354595215,"data":"director: 4528 unique values\n"}
,{"stream_name":"stdout","time":11.354598819,"data":"\n"}
,{"stream_name":"stdout","time":11.354602188,"data":"cast: 7692 unique values\n"}
,{"stream_name":"stdout","time":11.354605829,"data":"\n"}
,{"stream_name":"stdout","time":11.354609355000001,"data":"country: 748 unique values\n"}
,{"stream_name":"stdout","time":11.354613115,"data":"\n"}
,{"stream_name":"stdout","time":11.354616529,"data":"date_added: 1767 unique values\n"}
,{"stream_name":"stdout","time":11.354619994,"data":"\n"}
,{"stream_name":"stdout","time":11.354623483,"data":"release_year: 74 unique values\n"}
,{"stream_name":"stdout","time":11.354627171,"data":"\n"}
,{"stream_name":"stdout","time":11.354630681,"data":"rating: 17 unique values\n"}
,{"stream_name":"stdout","time":11.35463445,"data":"\n"}
,{"stream_name":"stdout","time":11.354637971,"data":"duration: 220 unique values\n"}
,{"stream_name":"stdout","time":11.354641456,"data":"\n"}
,{"stream_name":"stdout","time":11.354644863,"data":"listed_in: 514 unique values\n"}
,{"stream_name":"stdout","time":11.354648331,"data":"\n"}
,{"stream_name":"stdout","time":11.354651726,"data":"description: 8775 unique values\n"}
,{"stream_name":"stderr","time":22.74975674,"data":"2025-01-29 22:12:58.795608: E external/local_xla/xla/stream_executor/cuda/cuda_fft.cc:485] Unable to register cuFFT factory: Attempting to register factory for plugin cuFFT when one has already been registered\n"}
,{"stream_name":"stderr","time":22.94839105,"data":"2025-01-29 22:12:58.994271: E external/local_xla/xla/stream_executor/cuda/cuda_dnn.cc:8454] Unable to register cuDNN factory: Attempting to register factory for plugin cuDNN when one has already been registered\n"}
,{"stream_name":"stderr","time":23.004345032,"data":"2025-01-29 22:12:59.050211: E external/local_xla/xla/stream_executor/cuda/cuda_blas.cc:1452] Unable to register cuBLAS factory: Attempting to register factory for plugin cuBLAS when one has already been registered\n"}
,{"stream_name":"stdout","time":57.189170106,"data":"[nltk_data] Downloading package stopwords to /usr/share/nltk_data...\n"}
,{"stream_name":"stdout","time":57.189211899,"data":"[nltk_data]   Package stopwords is already up-to-date!\n"}
,{"stream_name":"stdout","time":57.189219639,"data":"[nltk_data] Downloading package punkt to /usr/share/nltk_data...\n"}
,{"stream_name":"stdout","time":57.189224819,"data":"[nltk_data]   Package punkt is already up-to-date!\n"}
,{"stream_name":"stdout","time":63.536885307,"data":"\n"}
,{"stream_name":"stdout","time":63.536933406,"data":"Recommendations based on 'Stranger Things':\n"}
,{"stream_name":"stdout","time":63.536941328,"data":"\n"}
,{"stream_name":"stdout","time":63.536947268,"data":"1. Beyond Stranger Things\n"}
,{"stream_name":"stdout","time":63.536953161,"data":"Type: TV Show\n"}
,{"stream_name":"stdout","time":63.536958575,"data":"Genre: Stand-Up Comedy \u0026 Talk Shows, TV Mysteries, TV Sci-Fi \u0026 Fantasy\n"}
,{"stream_name":"stdout","time":63.536979615999996,"data":"Similarity Score: 0.51\n"}
,{"stream_name":"stdout","time":63.536983559,"data":"Description: Secrets from the \"Stranger Things 2\" universe are revealed as cast and guests discuss the latest epi...\n"}
,{"stream_name":"stdout","time":63.536987198,"data":"\n"}
,{"stream_name":"stdout","time":63.536990649,"data":"2. Prank Encounters\n"}
,{"stream_name":"stdout","time":63.536994463,"data":"Type: TV Show\n"}
,{"stream_name":"stdout","time":63.536997861,"data":"Genre: Reality TV, TV Comedies, TV Horror\n"}
,{"stream_name":"stdout","time":63.537001454,"data":"Similarity Score: 0.15\n"}
,{"stream_name":"stdout","time":63.537004774,"data":"Description: Monstrous frights meet hilarious reveals on this hidden-camera prank show as real people become the ...\n"}
,{"stream_name":"stdout","time":63.537008681,"data":"\n"}
,{"stream_name":"stdout","time":63.537011704,"data":"3. Safe Haven\n"}
,{"stream_name":"stdout","time":63.537015042,"data":"Type: Movie\n"}
,{"stream_name":"stdout","time":63.537018873,"data":"Genre: Dramas, Romantic Movies\n"}
,{"stream_name":"stdout","time":63.537022928,"data":"Similarity Score: 0.10\n"}
,{"stream_name":"stdout","time":63.537027006,"data":"Description: When a mysterious woman arrives in a small North Carolina town, she begins a new life but remains ha...\n"}
,{"stream_name":"stdout","time":63.53703115,"data":"\n"}
,{"stream_name":"stdout","time":63.537144952,"data":"4. Eli\n"}
,{"stream_name":"stdout","time":63.53718159,"data":"Type: Movie\n"}
,{"stream_name":"stdout","time":63.537204765,"data":"Genre: Horror Movies\n"}
,{"stream_name":"stdout","time":63.537230849,"data":"Similarity Score: 0.10\n"}
,{"stream_name":"stdout","time":63.53726197,"data":"Description: With his desperate parents in tow, an 11-year-old boy with a debilitating illness checks into an iso...\n"}
,{"stream_name":"stdout","time":63.53729582,"data":"\n"}
,{"stream_name":"stdout","time":63.537342803,"data":"5. Anjaan: Special Crimes Unit\n"}
,{"stream_name":"stdout","time":63.537389756,"data":"Type: TV Show\n"}
,{"stream_name":"stdout","time":63.537446262,"data":"Genre: International TV Shows, TV Horror, TV Mysteries\n"}
,{"stream_name":"stdout","time":63.537496596,"data":"Similarity Score: 0.10\n"}
,{"stream_name":"stdout","time":63.537545739,"data":"Description: The cases are supernatural; the police officers human. Together, cops Aditi and Vikrant must solve m...\n"}
,{"stream_name":"stdout","time":63.746958917,"data":"Initializing recommender system...\n"}
,{"stream_name":"stdout","time":63.746992551,"data":"[nltk_data] Downloading package stopwords to /usr/share/nltk_data...\n"}
,{"stream_name":"stdout","time":63.746998603,"data":"[nltk_data]   Package stopwords is already up-to-date!\n"}
,{"stream_name":"stdout","time":63.747002986,"data":"[nltk_data] Downloading package punkt to /usr/share/nltk_data...\n"}
,{"stream_name":"stdout","time":63.747006667,"data":"[nltk_data]   Package punkt is already up-to-date!\n"}
,{"stream_name":"stdout","time":68.929620997,"data":"Processing descriptions with BERT...\n"}
,{"stream_name":"stdout","time":72.417623444,"data":"Creating TF-IDF vectors...\n"}
,{"stream_name":"stdout","time":72.417666005,"data":"Training Word2Vec model...\n"}
,{"stream_name":"stdout","time":83.21501764,"data":"Clustering content...\n"}
,{"stream_name":"stderr","time":83.304515222,"data":"/usr/local/lib/python3.10/dist-packages/sklearn/cluster/_kmeans.py:870: FutureWarning: The default value of `n_init` will change from 10 to 'auto' in 1.4. Set the value of `n_init` explicitly to suppress the warning\n"}
,{"stream_name":"stderr","time":83.304604509,"data":"  warnings.warn(\n"}
,{"stream_name":"stdout","time":94.573795403,"data":"\n"}
,{"stream_name":"stdout","time":94.57385373,"data":"Getting recommendations for 'Naruto'...\n"}
,{"stream_name":"stdout","time":94.573863153,"data":"\n"}
,{"stream_name":"stdout","time":94.573867993,"data":"1. SWORDGAI The Animation\n"}
,{"stream_name":"stdout","time":94.573872843,"data":"Type: TV Show\n"}
,{"stream_name":"stdout","time":94.573877758,"data":"Genre: Anime Series, International TV Shows\n"}
,{"stream_name":"stdout","time":94.573883556,"data":"Similarity Score: 1.00\n"}
,{"stream_name":"stdout","time":94.573888791,"data":"Cluster: 7\n"}
,{"stream_name":"stdout","time":94.573893474,"data":"\n"}
,{"stream_name":"stdout","time":94.573898685,"data":"2. Demon Slayer: Kimetsu no Yaiba\n"}
,{"stream_name":"stdout","time":94.573903408,"data":"Type: TV Show\n"}
,{"stream_name":"stdout","time":94.573908079,"data":"Genre: Anime Series, International TV Shows\n"}
,{"stream_name":"stdout","time":94.573912829,"data":"Similarity Score: 1.00\n"}
,{"stream_name":"stdout","time":94.573917546,"data":"Cluster: 7\n"}
,{"stream_name":"stdout","time":94.573922571,"data":"\n"}
,{"stream_name":"stdout","time":94.573927404,"data":"3. Dorohedoro\n"}
,{"stream_name":"stdout","time":94.573932492,"data":"Type: TV Show\n"}
,{"stream_name":"stdout","time":94.573937903,"data":"Genre: Anime Series, International TV Shows\n"}
,{"stream_name":"stdout","time":94.573943194,"data":"Similarity Score: 1.00\n"}
,{"stream_name":"stdout","time":94.573948391,"data":"Cluster: 7\n"}
,{"stream_name":"stdout","time":94.573953181,"data":"\n"}
,{"stream_name":"stdout","time":94.573958624,"data":"4. InuYasha\n"}
,{"stream_name":"stdout","time":94.5739637,"data":"Type: TV Show\n"}
,{"stream_name":"stdout","time":94.573968498,"data":"Genre: Anime Series, International TV Shows\n"}
,{"stream_name":"stdout","time":94.573973451,"data":"Similarity Score: 0.99\n"}
,{"stream_name":"stdout","time":94.573978934,"data":"Cluster: 7\n"}
,{"stream_name":"stdout","time":94.573984148,"data":"\n"}
,{"stream_name":"stdout","time":94.573989124,"data":"5. Yasuke\n"}
,{"stream_name":"stdout","time":94.573993859,"data":"Type: TV Show\n"}
,{"stream_name":"stdout","time":94.573998401,"data":"Genre: Anime Series, International TV Shows\n"}
,{"stream_name":"stdout","time":94.574003383,"data":"Similarity Score: 0.99\n"}
,{"stream_name":"stdout","time":94.574008316,"data":"Cluster: 7\n"}
,{"stream_name":"stdout","time":94.656420005,"data":"\n"}
,{"stream_name":"stdout","time":94.656456909,"data":"1. Medici: Masters of Florence\n"}
,{"stream_name":"stdout","time":94.656464447,"data":"Type: TV Show\n"}
,{"stream_name":"stdout","time":94.656470434,"data":"Genre: International TV Shows, TV Dramas\n"}
,{"stream_name":"stdout","time":94.656476085,"data":"Similarity Score: 0.94\n"}
,{"stream_name":"stdout","time":94.656481563,"data":"Cluster: 3\n"}
,{"stream_name":"stdout","time":94.656487067,"data":"\n"}
,{"stream_name":"stdout","time":94.656492299,"data":"2. Yes We Can!\n"}
,{"stream_name":"stdout","time":94.656497866,"data":"Type: TV Show\n"}
,{"stream_name":"stdout","time":94.656503396,"data":"Genre: International TV Shows, TV Dramas\n"}
,{"stream_name":"stdout","time":94.65650935,"data":"Similarity Score: 0.93\n"}
,{"stream_name":"stdout","time":94.65651498,"data":"Cluster: 3\n"}
,{"stream_name":"stdout","time":94.656520584,"data":"\n"}
,{"stream_name":"stdout","time":94.656544965,"data":"3. Kantaro: The Sweet Tooth Salaryman\n"}
,{"stream_name":"stdout","time":94.656550341,"data":"Type: TV Show\n"}
,{"stream_name":"stdout","time":94.656554437,"data":"Genre: International TV Shows, TV Comedies\n"}
,{"stream_name":"stdout","time":94.65655881,"data":"Similarity Score: 0.93\n"}
,{"stream_name":"stdout","time":94.656562895,"data":"Cluster: 3\n"}
,{"stream_name":"stdout","time":94.656566784,"data":"\n"}
,{"stream_name":"stdout","time":94.656571003,"data":"4. Family Business\n"}
,{"stream_name":"stdout","time":94.65657503,"data":"Type: TV Show\n"}
,{"stream_name":"stdout","time":94.656579046,"data":"Genre: International TV Shows, TV Comedies, TV Dramas\n"}
,{"stream_name":"stdout","time":94.656583135,"data":"Similarity Score: 0.93\n"}
,{"stream_name":"stdout","time":94.65658723,"data":"Cluster: 3\n"}
,{"stream_name":"stdout","time":94.656591212,"data":"\n"}
,{"stream_name":"stdout","time":94.656595049,"data":"5. The Truth\n"}
,{"stream_name":"stdout","time":94.656598863,"data":"Type: TV Show\n"}
,{"stream_name":"stdout","time":94.656602847,"data":"Genre: Crime TV Shows, International TV Shows, TV Action \u0026 Adventure\n"}
,{"stream_name":"stdout","time":94.656693387,"data":"Similarity Score: 0.91\n"}
,{"stream_name":"stdout","time":94.656943865,"data":"Cluster: 3\n"}
,{"stream_name":"stderr","time":99.249179776,"data":"/usr/local/lib/python3.10/dist-packages/traitlets/traitlets.py:2915: FutureWarning: --Exporter.preprocessors=[\"remove_papermill_header.RemovePapermillHeader\"] for containers is deprecated in traitlets 5.0. You can pass `--Exporter.preprocessors item` ... multiple times to add items to a list.\n"}
,{"stream_name":"stderr","time":99.249222789,"data":"  warn(\n"}
,{"stream_name":"stderr","time":99.570160728,"data":"[NbConvertApp] Converting notebook __notebook__.ipynb to notebook\n"}
,{"stream_name":"stderr","time":99.942534847,"data":"[NbConvertApp] Writing 628300 bytes to __notebook__.ipynb\n"}
,{"stream_name":"stderr","time":101.244091998,"data":"/usr/local/lib/python3.10/dist-packages/traitlets/traitlets.py:2915: FutureWarning: --Exporter.preprocessors=[\"nbconvert.preprocessors.ExtractOutputPreprocessor\"] for containers is deprecated in traitlets 5.0. You can pass `--Exporter.preprocessors item` ... multiple times to add items to a list.\n"}
,{"stream_name":"stderr","time":101.244141089,"data":"  warn(\n"}
,{"stream_name":"stderr","time":101.267933561,"data":"[NbConvertApp] Converting notebook __notebook__.ipynb to html\n"}
,{"stream_name":"stderr","time":102.104150162,"data":"[NbConvertApp] Support files will be in __results___files/\n"}
,{"stream_name":"stderr","time":102.104179119,"data":"[NbConvertApp] Making directory __results___files\n"}
,{"stream_name":"stderr","time":102.104501626,"data":"[NbConvertApp] Making directory __results___files\n"}
,{"stream_name":"stderr","time":102.104689242,"data":"[NbConvertApp] Making directory __results___files\n"}
,{"stream_name":"stderr","time":102.10489722,"data":"[NbConvertApp] Making directory __results___files\n"}
,{"stream_name":"stderr","time":102.105171598,"data":"[NbConvertApp] Making directory __results___files\n"}
,{"stream_name":"stderr","time":102.105362787,"data":"[NbConvertApp] Making directory __results___files\n"}
,{"stream_name":"stderr","time":102.105508087,"data":"[NbConvertApp] Making directory __results___files\n"}
,{"stream_name":"stderr","time":102.105733476,"data":"[NbConvertApp] Making directory __results___files\n"}
,{"stream_name":"stderr","time":102.105989509,"data":"[NbConvertApp] Writing 497903 bytes to __results__.html\n"}
]